<?xml version="1.0" encoding="UTF-8"?>
<testsuite xmlns:xsi="http://www.w3.org/2001/XMLSchema-instance" xsi:schemaLocation="https://maven.apache.org/surefire/maven-surefire-plugin/xsd/surefire-test-report.xsd" name="runnner.RunnerTests" time="2.152" tests="138" errors="0" skipped="2" failures="14">
  <properties>
[...]
</properties>
  <testcase name="que sera realizado uma consulta de restricao" classname="Validar a consulta de restricao de CPF #1" time="0.004"/>
  <testcase name="informo o cpf &quot;97093236014&quot; para consultar a restricao" classname="Validar a consulta de restricao de CPF #1" time="0.539"/>
  <testcase name="o sistema deve retornar um status 200 de consulta de restricao" classname="Validar a consulta de restricao de CPF #1" time="0"/>
  <testcase name="Validar a consulta de restricao de CPF #1" classname="Validar a consulta de restricao de CPF #1" time="0.001"/>
  <testcase name="que sera realizado uma consulta de restricao" classname="Validar a consulta de restricao de CPF #2" time="0"/>
  <testcase name="informo o cpf &quot;84809766080&quot; para consultar a restricao" classname="Validar a consulta de restricao de CPF #2" time="0.01"/>
  <testcase name="o sistema deve retornar um status 200 de consulta de restricao" classname="Validar a consulta de restricao de CPF #2" time="0"/>
  <testcase name="Validar a consulta de restricao de CPF #2" classname="Validar a consulta de restricao de CPF #2" time="0"/>
  <testcase name="que sera realizado uma consulta de restricao" classname="Validar a consulta de restricao de CPF #3" time="0"/>
  <testcase name="informo o cpf &quot;62648716050&quot; para consultar a restricao" classname="Validar a consulta de restricao de CPF #3" time="0.009"/>
  <testcase name="o sistema deve retornar um status 200 de consulta de restricao" classname="Validar a consulta de restricao de CPF #3" time="0"/>
  <testcase name="Validar a consulta de restricao de CPF #3" classname="Validar a consulta de restricao de CPF #3" time="0"/>
  <testcase name="que sera realizado uma consulta de restricao" classname="Validar a consulta de restricao de CPF #4" time="0"/>
  <testcase name="informo o cpf &quot;26276298085&quot; para consultar a restricao" classname="Validar a consulta de restricao de CPF #4" time="0.008"/>
  <testcase name="o sistema deve retornar um status 200 de consulta de restricao" classname="Validar a consulta de restricao de CPF #4" time="0"/>
  <testcase name="Validar a consulta de restricao de CPF #4" classname="Validar a consulta de restricao de CPF #4" time="0"/>
  <testcase name="que sera realizado uma consulta de restricao" classname="Validar a consulta de restricao de CPF #5" time="0"/>
  <testcase name="informo o cpf &quot;01317496094&quot; para consultar a restricao" classname="Validar a consulta de restricao de CPF #5" time="0.01"/>
  <testcase name="o sistema deve retornar um status 200 de consulta de restricao" classname="Validar a consulta de restricao de CPF #5" time="0"/>
  <testcase name="Validar a consulta de restricao de CPF #5" classname="Validar a consulta de restricao de CPF #5" time="0.001"/>
  <testcase name="que sera realizado uma consulta de restricao" classname="Validar a consulta de restricao de CPF #6" time="0"/>
  <testcase name="informo o cpf &quot;55856777050&quot; para consultar a restricao" classname="Validar a consulta de restricao de CPF #6" time="0.009"/>
  <testcase name="o sistema deve retornar um status 200 de consulta de restricao" classname="Validar a consulta de restricao de CPF #6" time="0"/>
  <testcase name="Validar a consulta de restricao de CPF #6" classname="Validar a consulta de restricao de CPF #6" time="0"/>
  <testcase name="que sera realizado uma consulta de restricao" classname="Validar a consulta de restricao de CPF #7" time="0"/>
  <testcase name="informo o cpf &quot;19626829001&quot; para consultar a restricao" classname="Validar a consulta de restricao de CPF #7" time="0.01"/>
  <testcase name="o sistema deve retornar um status 200 de consulta de restricao" classname="Validar a consulta de restricao de CPF #7" time="0"/>
  <testcase name="Validar a consulta de restricao de CPF #7" classname="Validar a consulta de restricao de CPF #7" time="0"/>
  <testcase name="que sera realizado uma consulta de restricao" classname="Validar a consulta de restricao de CPF #8" time="0"/>
  <testcase name="informo o cpf &quot;24094592008&quot; para consultar a restricao" classname="Validar a consulta de restricao de CPF #8" time="0.01"/>
  <testcase name="o sistema deve retornar um status 200 de consulta de restricao" classname="Validar a consulta de restricao de CPF #8" time="0"/>
  <testcase name="Validar a consulta de restricao de CPF #8" classname="Validar a consulta de restricao de CPF #8" time="0"/>
  <testcase name="que sera realizado uma consulta de restricao" classname="Validar a consulta de restricao de CPF #9" time="0"/>
  <testcase name="informo o cpf &quot;58063164083&quot; para consultar a restricao" classname="Validar a consulta de restricao de CPF #9" time="0.008"/>
  <testcase name="o sistema deve retornar um status 200 de consulta de restricao" classname="Validar a consulta de restricao de CPF #9" time="0"/>
  <testcase name="Validar a consulta de restricao de CPF #9" classname="Validar a consulta de restricao de CPF #9" time="0"/>
  <testcase name="que sera realizado uma consulta de restricao" classname="Validar a consulta de restricao de CPF #10" time="0"/>
  <testcase name="informo o cpf &quot;63419532083&quot; para consultar a restricao" classname="Validar a consulta de restricao de CPF #10" time="0.01"/>
  <testcase name="o sistema deve retornar um status 204 de consulta de restricao" classname="Validar a consulta de restricao de CPF #10" time="0"/>
  <testcase name="Validar a consulta de restricao de CPF #10" classname="Validar a consulta de restricao de CPF #10" time="0"/>
  <testcase name="que sera realizado uma consulta de restricao" classname="Validar a consulta de restricao de CPF #11" time="0"/>
  <testcase name="informo o cpf &quot;83737304009&quot; para consultar a restricao" classname="Validar a consulta de restricao de CPF #11" time="0.009"/>
  <testcase name="o sistema deve retornar um status 204 de consulta de restricao" classname="Validar a consulta de restricao de CPF #11" time="0"/>
  <testcase name="Validar a consulta de restricao de CPF #11" classname="Validar a consulta de restricao de CPF #11" time="0"/>
  <testcase name="que sera realizado uma consulta de restricao" classname="Validar a consulta de restricao de CPF #12" time="0"/>
  <testcase name="informo o cpf &quot;83737304009&quot; para consultar a restricao" classname="Validar a consulta de restricao de CPF #12" time="0.009"/>
  <testcase name="o sistema deve retornar um status 204 de consulta de restricao" classname="Validar a consulta de restricao de CPF #12" time="0"/>
  <testcase name="Validar a consulta de restricao de CPF #12" classname="Validar a consulta de restricao de CPF #12" time="0"/>
  <testcase name="que sera realizado uma simulação" classname="Validar a inserção de uma simulação" time="0.001"/>
  <testcase name="informo o cpf &quot;33570784061&quot;, email &quot;teste@teste.com&quot;, valor 1600, parcelas 6, seguro &quot;true&quot;" classname="Validar a inserção de uma simulação" time="0.209"/>
  <testcase name="o sistema deve retornar um status 201" classname="Validar a inserção de uma simulação" time="0"/>
  <testcase name="Validar a inserção de uma simulação" classname="Validar a inserção de uma simulação" time="0"/>
  <testcase name="que sera realizado uma simulação" classname="Validar a inserção de uma simulação invalida #1" time="0"/>
  <testcase name="informo o email &quot;emailinvalido&quot;, valor 1600, parcelas 6, seguro &quot;true&quot; com dados invalidos" classname="Validar a inserção de uma simulação invalida #1" time="0.033"/>
  <testcase name="o sistema deve retornar um status 400" classname="Validar a inserção de uma simulação invalida #1" time="0"/>
  <testcase name="o retorno conter a seguinte mensagem &quot;E-mail deve ser um e-mail válido&quot;" classname="Validar a inserção de uma simulação invalida #1" time="0"/>
  <testcase name="Validar a inserção de uma simulação invalida #1" classname="Validar a inserção de uma simulação invalida #1" time="0"/>
  <testcase name="que sera realizado uma simulação" classname="Validar a inserção de uma simulação invalida #2" time="0"/>
  <testcase name="informo o email &quot;teste@teste.com&quot;, valor 200, parcelas 6, seguro &quot;true&quot; com dados invalidos" classname="Validar a inserção de uma simulação invalida #2" time="0.011"/>
  <testcase name="o sistema deve retornar um status 400" classname="Validar a inserção de uma simulação invalida #2" time="0.004">
    <failure message="expected:&lt;201&gt; but was:&lt;400&gt;" type="java.lang.AssertionError"><![CDATA[java.lang.AssertionError: expected:<201> but was:<400>
]]></failure>
    <system-out><![CDATA[  &amp#27;[32mQuando &amp#27;[0m&amp#27;[32minformo o email &amp#27;[0m&amp#27;[32m&amp#27;[1m"teste@teste.com"&amp#27;[0m&amp#27;[32m, valor &amp#27;[0m&amp#27;[32m&amp#27;[1m200&amp#27;[0m&amp#27;[32m, parcelas &amp#27;[0m&amp#27;[32m&amp#27;[1m6&amp#27;[0m&amp#27;[32m, seguro &amp#27;[0m&amp#27;[32m&amp#27;[1m"true"&amp#27;[0m&amp#27;[32m com dados invalidos&amp#27;[0m &amp#27;[90m# stepdefinitions.StepSimulacaoPost.informo_valores_invalidoss(java.lang.String,java.lang.Integer,java.lang.Integer,java.lang.String)&amp#27;[0m
]]></system-out>
  </testcase>
  <testcase name="o retorno conter a seguinte mensagem &quot;Valor deve ser maior ou igual a R$ 1.000&quot;" classname="Validar a inserção de uma simulação invalida #2" time="0">
    <skipped/>
    <system-out><![CDATA[  &amp#27;[31mEntÃ£o &amp#27;[0m&amp#27;[31mo sistema deve retornar um status &amp#27;[0m&amp#27;[31m&amp#27;[1m400&amp#27;[0m                                                        &amp#27;[90m# stepdefinitions.StepSimulacaoPost.sistema_retorna(java.lang.Integer)&amp#27;[0m
      &amp#27;[31mjava.lang.AssertionError: expected:<201> but was:<400>
	at org.junit.Assert.fail(Assert.java:88)
	at org.junit.Assert.failNotEquals(Assert.java:834)
	at org.junit.Assert.assertEquals(Assert.java:118)
	at org.junit.Assert.assertEquals(Assert.java:144)
	at stepdefinitions.StepSimulacaoPost.sistema_retorna(StepSimulacaoPost.java:82)
	at âœ½.o sistema deve retornar um status 400(file:///C:/reposJava/desafiosicredi/tests-api-sicredi/TestsAutomatizados/src/test/resources/features/Simulacao.feature:27)
&amp#27;[0m
]]></system-out>
  </testcase>
  <testcase name="Validar a inserção de uma simulação invalida #2" classname="Validar a inserção de uma simulação invalida #2" time="0.001">
    <failure message="expected:&lt;201&gt; but was:&lt;400&gt;" type="java.lang.AssertionError"><![CDATA[java.lang.AssertionError: expected:<201> but was:<400>
]]></failure>
    <system-out><![CDATA[  &amp#27;[36mE &amp#27;[0m&amp#27;[36mo retorno conter a seguinte mensagem &amp#27;[0m&amp#27;[36m&amp#27;[1m"Valor deve ser maior ou igual a R$ 1.000"&amp#27;[0m                  &amp#27;[90m# stepdefinitions.StepSimulacaoPost.sistema_retorna_mensagem_na_adicao(java.lang.String)&amp#27;[0m
]]></system-out>
  </testcase>
  <testcase name="que sera realizado uma simulação" classname="Validar a inserção de uma simulação invalida #3" time="0.001"/>
  <testcase name="informo o email &quot;teste@teste.com&quot;, valor 50000, parcelas 6, seguro &quot;true&quot; com dados invalidos" classname="Validar a inserção de uma simulação invalida #3" time="0.01"/>
  <testcase name="o sistema deve retornar um status 400" classname="Validar a inserção de uma simulação invalida #3" time="0"/>
  <testcase name="o retorno conter a seguinte mensagem &quot;Valor deve ser menor ou igual a R$ 40.000&quot;" classname="Validar a inserção de uma simulação invalida #3" time="0"/>
  <testcase name="Validar a inserção de uma simulação invalida #3" classname="Validar a inserção de uma simulação invalida #3" time="0"/>
  <testcase name="que sera realizado uma simulação" classname="Validar a inserção de uma simulação invalida #4" time="0"/>
  <testcase name="informo o email &quot;teste@teste.com&quot;, valor 1600, parcelas 1, seguro &quot;true&quot; com dados invalidos" classname="Validar a inserção de uma simulação invalida #4" time="0.01"/>
  <testcase name="o sistema deve retornar um status 400" classname="Validar a inserção de uma simulação invalida #4" time="0"/>
  <testcase name="o retorno conter a seguinte mensagem &quot;Parcelas deve ser igual ou maior que 2&quot;" classname="Validar a inserção de uma simulação invalida #4" time="0"/>
  <testcase name="Validar a inserção de uma simulação invalida #4" classname="Validar a inserção de uma simulação invalida #4" time="0.001"/>
  <testcase name="que sera realizado uma simulação" classname="Validar a inserção de uma simulação invalida #5" time="0"/>
  <testcase name="informo o email &quot;teste@teste.com&quot;, valor 1600, parcelas 50, seguro &quot;true&quot; com dados invalidos" classname="Validar a inserção de uma simulação invalida #5" time="0.01"/>
  <testcase name="o sistema deve retornar um status 400" classname="Validar a inserção de uma simulação invalida #5" time="0">
    <failure message="expected:&lt;201&gt; but was:&lt;400&gt;" type="java.lang.AssertionError"><![CDATA[java.lang.AssertionError: expected:<201> but was:<400>
]]></failure>
    <system-out><![CDATA[  &amp#27;[32mQuando &amp#27;[0m&amp#27;[32minformo o email &amp#27;[0m&amp#27;[32m&amp#27;[1m"teste@teste.com"&amp#27;[0m&amp#27;[32m, valor &amp#27;[0m&amp#27;[32m&amp#27;[1m1600&amp#27;[0m&amp#27;[32m, parcelas &amp#27;[0m&amp#27;[32m&amp#27;[1m50&amp#27;[0m&amp#27;[32m, seguro &amp#27;[0m&amp#27;[32m&amp#27;[1m"true"&amp#27;[0m&amp#27;[32m com dados invalidos&amp#27;[0m &amp#27;[90m# stepdefinitions.StepSimulacaoPost.informo_valores_invalidoss(java.lang.String,java.lang.Integer,java.lang.Integer,java.lang.String)&amp#27;[0m
]]></system-out>
  </testcase>
  <testcase name="o retorno conter a seguinte mensagem &quot;Parcelas deve ser igual ou menor que 48&quot;" classname="Validar a inserção de uma simulação invalida #5" time="0">
    <skipped/>
    <system-out><![CDATA[  &amp#27;[31mEntÃ£o &amp#27;[0m&amp#27;[31mo sistema deve retornar um status &amp#27;[0m&amp#27;[31m&amp#27;[1m400&amp#27;[0m                                                          &amp#27;[90m# stepdefinitions.StepSimulacaoPost.sistema_retorna(java.lang.Integer)&amp#27;[0m
      &amp#27;[31mjava.lang.AssertionError: expected:<201> but was:<400>
	at org.junit.Assert.fail(Assert.java:88)
	at org.junit.Assert.failNotEquals(Assert.java:834)
	at org.junit.Assert.assertEquals(Assert.java:118)
	at org.junit.Assert.assertEquals(Assert.java:144)
	at stepdefinitions.StepSimulacaoPost.sistema_retorna(StepSimulacaoPost.java:82)
	at âœ½.o sistema deve retornar um status 400(file:///C:/reposJava/desafiosicredi/tests-api-sicredi/TestsAutomatizados/src/test/resources/features/Simulacao.feature:27)
&amp#27;[0m
]]></system-out>
  </testcase>
  <testcase name="Validar a inserção de uma simulação invalida #5" classname="Validar a inserção de uma simulação invalida #5" time="0.001">
    <failure message="expected:&lt;201&gt; but was:&lt;400&gt;" type="java.lang.AssertionError"><![CDATA[java.lang.AssertionError: expected:<201> but was:<400>
]]></failure>
    <system-out><![CDATA[  &amp#27;[36mE &amp#27;[0m&amp#27;[36mo retorno conter a seguinte mensagem &amp#27;[0m&amp#27;[36m&amp#27;[1m"Parcelas deve ser igual ou menor que 48"&amp#27;[0m                     &amp#27;[90m# stepdefinitions.StepSimulacaoPost.sistema_retorna_mensagem_na_adicao(java.lang.String)&amp#27;[0m
]]></system-out>
  </testcase>
  <testcase name="que sera realizado uma simulação" classname="Validar a inserção de uma simulação duplicada" time="0"/>
  <testcase name="informo o cpf &quot;94629364048&quot; ja utilizado em uma requisao anterior" classname="Validar a inserção de uma simulação duplicada" time="0.027"/>
  <testcase name="o sistema deve retornar um status 400" classname="Validar a inserção de uma simulação duplicada" time="0"/>
  <testcase name="o retorno conter a seguinte mensagem &quot;CPF duplicado&quot;" classname="Validar a inserção de uma simulação duplicada" time="0"/>
  <testcase name="Validar a inserção de uma simulação duplicada" classname="Validar a inserção de uma simulação duplicada" time="0"/>
  <testcase name="que sera realizado uma simulação" classname="Validar a inserção de uma simulação com cpf invalido #1" time="0"/>
  <testcase name="informo o cpf &quot;***********&quot; invalido na adição de simulação" classname="Validar a inserção de uma simulação com cpf invalido #1" time="0.021"/>
  <testcase name="o sistema deve retornar um status 400" classname="Validar a inserção de uma simulação com cpf invalido #1" time="0"/>
  <testcase name="Validar a inserção de uma simulação com cpf invalido #1" classname="Validar a inserção de uma simulação com cpf invalido #1" time="0"/>
  <testcase name="que sera realizado uma simulação" classname="Validar a inserção de uma simulação com cpf invalido #2" time="0"/>
  <testcase name="informo o cpf &quot;999.999.999-99&quot; invalido na adição de simulação" classname="Validar a inserção de uma simulação com cpf invalido #2" time="0.022"/>
  <testcase name="o sistema deve retornar um status 400" classname="Validar a inserção de uma simulação com cpf invalido #2" time="0"/>
  <testcase name="Validar a inserção de uma simulação com cpf invalido #2" classname="Validar a inserção de uma simulação com cpf invalido #2" time="0"/>
  <testcase name="que sera realizado uma simulação" classname="Validar a inserção de uma simulação com cpf invalido #3" time="0"/>
  <testcase name="informo o cpf &quot;1234&quot; invalido na adição de simulação" classname="Validar a inserção de uma simulação com cpf invalido #3" time="0.019"/>
  <testcase name="o sistema deve retornar um status 400" classname="Validar a inserção de uma simulação com cpf invalido #3" time="0"/>
  <testcase name="Validar a inserção de uma simulação com cpf invalido #3" classname="Validar a inserção de uma simulação com cpf invalido #3" time="0"/>
  <testcase name="que sera realizado uma consulta de simulação" classname="Validar consulta de simulação valida" time="0"/>
  <testcase name="informo o cpf &quot;33570784061&quot;" classname="Validar consulta de simulação valida" time="0.028"/>
  <testcase name="o sistema deve retornar um status 200 de consulta" classname="Validar consulta de simulação valida" time="0.001"/>
  <testcase name="Validar consulta de simulação valida" classname="Validar consulta de simulação valida" time="0.001"/>
  <testcase name="que sera realizado uma consulta de simulação" classname="Validar consulta de simulação invalida #1" time="0"/>
  <testcase name="informo o cpf &quot;62698066075&quot; invalido" classname="Validar consulta de simulação invalida #1" time="0.007"/>
  <testcase name="o sistema deve retornar um status 404 de consulta" classname="Validar consulta de simulação invalida #1" time="0"/>
  <testcase name="Validar consulta de simulação invalida #1" classname="Validar consulta de simulação invalida #1" time="0"/>
  <testcase name="que sera realizado uma consulta de simulação" classname="Validar consulta de simulação invalida #2" time="0"/>
  <testcase name="informo o cpf &quot;***********&quot; invalido" classname="Validar consulta de simulação invalida #2" time="0.008"/>
  <testcase name="o sistema deve retornar um status 404 de consulta" classname="Validar consulta de simulação invalida #2" time="0.001">
    <failure message="expected:&lt;200&gt; but was:&lt;404&gt;" type="java.lang.AssertionError"><![CDATA[java.lang.AssertionError: expected:<200> but was:<404>
]]></failure>
    <system-out><![CDATA[  &amp#27;[32mQuando &amp#27;[0m&amp#27;[32minformo o cpf &amp#27;[0m&amp#27;[32m&amp#27;[1m"***********"&amp#27;[0m&amp#27;[32m invalido&amp#27;[0m              &amp#27;[90m# stepdefinitions.StepSimulacaoGet.informo_cpf_invalido(java.lang.String)&amp#27;[0m
]]></system-out>
  </testcase>
  <testcase name="Validar consulta de simulação invalida #2" classname="Validar consulta de simulação invalida #2" time="0.001">
    <failure message="expected:&lt;200&gt; but was:&lt;404&gt;" type="java.lang.AssertionError"><![CDATA[java.lang.AssertionError: expected:<200> but was:<404>
]]></failure>
    <system-out><![CDATA[  &amp#27;[31mEntÃ£o &amp#27;[0m&amp#27;[31mo sistema deve retornar um status &amp#27;[0m&amp#27;[31m&amp#27;[1m404&amp#27;[0m&amp#27;[31m de consulta&amp#27;[0m  &amp#27;[90m# stepdefinitions.StepSimulacaoGet.sistema_retorna_consulta(java.lang.Integer)&amp#27;[0m
      &amp#27;[31mjava.lang.AssertionError: expected:<200> but was:<404>
	at org.junit.Assert.fail(Assert.java:88)
	at org.junit.Assert.failNotEquals(Assert.java:834)
	at org.junit.Assert.assertEquals(Assert.java:118)
	at org.junit.Assert.assertEquals(Assert.java:144)
	at stepdefinitions.StepSimulacaoGet.sistema_retorna_consulta(StepSimulacaoGet.java:50)
	at âœ½.o sistema deve retornar um status 404 de consulta(file:///C:/reposJava/desafiosicredi/tests-api-sicredi/TestsAutomatizados/src/test/resources/features/Simulacao.feature:80)
&amp#27;[0m
]]></system-out>
  </testcase>
  <testcase name="que sera realizado uma consulta de simulação" classname="Validar consulta de simulação invalida #3" time="0"/>
  <testcase name="informo o cpf &quot;999.999.999-99&quot; invalido" classname="Validar consulta de simulação invalida #3" time="0.016"/>
  <testcase name="o sistema deve retornar um status 404 de consulta" classname="Validar consulta de simulação invalida #3" time="0">
    <failure message="expected:&lt;200&gt; but was:&lt;404&gt;" type="java.lang.AssertionError"><![CDATA[java.lang.AssertionError: expected:<200> but was:<404>
]]></failure>
    <system-out><![CDATA[  &amp#27;[32mQuando &amp#27;[0m&amp#27;[32minformo o cpf &amp#27;[0m&amp#27;[32m&amp#27;[1m"999.999.999-99"&amp#27;[0m&amp#27;[32m invalido&amp#27;[0m           &amp#27;[90m# stepdefinitions.StepSimulacaoGet.informo_cpf_invalido(java.lang.String)&amp#27;[0m
]]></system-out>
  </testcase>
  <testcase name="Validar consulta de simulação invalida #3" classname="Validar consulta de simulação invalida #3" time="0.001">
    <failure message="expected:&lt;200&gt; but was:&lt;404&gt;" type="java.lang.AssertionError"><![CDATA[java.lang.AssertionError: expected:<200> but was:<404>
]]></failure>
    <system-out><![CDATA[  &amp#27;[31mEntÃ£o &amp#27;[0m&amp#27;[31mo sistema deve retornar um status &amp#27;[0m&amp#27;[31m&amp#27;[1m404&amp#27;[0m&amp#27;[31m de consulta&amp#27;[0m  &amp#27;[90m# stepdefinitions.StepSimulacaoGet.sistema_retorna_consulta(java.lang.Integer)&amp#27;[0m
      &amp#27;[31mjava.lang.AssertionError: expected:<200> but was:<404>
	at org.junit.Assert.fail(Assert.java:88)
	at org.junit.Assert.failNotEquals(Assert.java:834)
	at org.junit.Assert.assertEquals(Assert.java:118)
	at org.junit.Assert.assertEquals(Assert.java:144)
	at stepdefinitions.StepSimulacaoGet.sistema_retorna_consulta(StepSimulacaoGet.java:50)
	at âœ½.o sistema deve retornar um status 404 de consulta(file:///C:/reposJava/desafiosicredi/tests-api-sicredi/TestsAutomatizados/src/test/resources/features/Simulacao.feature:80)
&amp#27;[0m
]]></system-out>
  </testcase>
  <testcase name="que sera realizado uma consulta de simulação" classname="Validar consulta de simulação invalida #4" time="0"/>
  <testcase name="informo o cpf &quot;62698066075&quot; invalido" classname="Validar consulta de simulação invalida #4" time="0.007"/>
  <testcase name="o sistema deve retornar um status 404 de consulta" classname="Validar consulta de simulação invalida #4" time="0.001"/>
  <testcase name="Validar consulta de simulação invalida #4" classname="Validar consulta de simulação invalida #4" time="0.001"/>
  <testcase name="que sera realizado um delete de uma simulação" classname="Validar delete de uma simulação" time="0.001"/>
  <testcase name="informo o id valido" classname="Validar delete de uma simulação" time="0.167"/>
  <testcase name="o sistema deve retornar um status 200 de delete" classname="Validar delete de uma simulação" time="0.001"/>
  <testcase name="Validar delete de uma simulação" classname="Validar delete de uma simulação" time="0.001"/>
  <testcase name="que sera realizado um delete de uma simulação" classname="Validar delete de uma simulação invalida #1" time="0"/>
  <testcase name="informo o id &quot;99999999&quot; invalido" classname="Validar delete de uma simulação invalida #1" time="0.007"/>
  <testcase name="o sistema deve retornar um status 400 de delete" classname="Validar delete de uma simulação invalida #1" time="0">
    <failure message="expected:&lt;200&gt; but was:&lt;400&gt;" type="java.lang.AssertionError"><![CDATA[java.lang.AssertionError: expected:<200> but was:<400>
]]></failure>
    <system-out><![CDATA[  &amp#27;[32mQuando &amp#27;[0m&amp#27;[32minformo o id &amp#27;[0m&amp#27;[32m&amp#27;[1m"99999999"&amp#27;[0m&amp#27;[32m invalido&amp#27;[0m                    &amp#27;[90m# stepdefinitions.StepSimulacaoDelete.informo_id_invalido(java.lang.String)&amp#27;[0m
]]></system-out>
  </testcase>
  <testcase name="Validar delete de uma simulação invalida #1" classname="Validar delete de uma simulação invalida #1" time="0.001">
    <failure message="expected:&lt;200&gt; but was:&lt;400&gt;" type="java.lang.AssertionError"><![CDATA[java.lang.AssertionError: expected:<200> but was:<400>
]]></failure>
    <system-out><![CDATA[  &amp#27;[31mEntÃ£o &amp#27;[0m&amp#27;[31mo sistema deve retornar um status &amp#27;[0m&amp#27;[31m&amp#27;[1m400&amp#27;[0m&amp#27;[31m de delete&amp#27;[0m      &amp#27;[90m# stepdefinitions.StepSimulacaoDelete.sistema_retorna_delete(java.lang.Integer)&amp#27;[0m
      &amp#27;[31mjava.lang.AssertionError: expected:<200> but was:<400>
	at org.junit.Assert.fail(Assert.java:88)
	at org.junit.Assert.failNotEquals(Assert.java:834)
	at org.junit.Assert.assertEquals(Assert.java:118)
	at org.junit.Assert.assertEquals(Assert.java:144)
	at stepdefinitions.StepSimulacaoDelete.sistema_retorna_delete(StepSimulacaoDelete.java:60)
	at âœ½.o sistema deve retornar um status 400 de delete(file:///C:/reposJava/desafiosicredi/tests-api-sicredi/TestsAutomatizados/src/test/resources/features/Simulacao.feature:105)
&amp#27;[0m
]]></system-out>
  </testcase>
  <testcase name="que sera realizado um delete de uma simulação" classname="Validar delete de uma simulação invalida #2" time="0"/>
  <testcase name="informo o id &quot;00000000&quot; invalido" classname="Validar delete de uma simulação invalida #2" time="0.008"/>
  <testcase name="o sistema deve retornar um status 400 de delete" classname="Validar delete de uma simulação invalida #2" time="0">
    <failure message="expected:&lt;200&gt; but was:&lt;400&gt;" type="java.lang.AssertionError"><![CDATA[java.lang.AssertionError: expected:<200> but was:<400>
]]></failure>
    <system-out><![CDATA[  &amp#27;[32mQuando &amp#27;[0m&amp#27;[32minformo o id &amp#27;[0m&amp#27;[32m&amp#27;[1m"00000000"&amp#27;[0m&amp#27;[32m invalido&amp#27;[0m                    &amp#27;[90m# stepdefinitions.StepSimulacaoDelete.informo_id_invalido(java.lang.String)&amp#27;[0m
]]></system-out>
  </testcase>
  <testcase name="Validar delete de uma simulação invalida #2" classname="Validar delete de uma simulação invalida #2" time="0.001">
    <failure message="expected:&lt;200&gt; but was:&lt;400&gt;" type="java.lang.AssertionError"><![CDATA[java.lang.AssertionError: expected:<200> but was:<400>
]]></failure>
    <system-out><![CDATA[  &amp#27;[31mEntÃ£o &amp#27;[0m&amp#27;[31mo sistema deve retornar um status &amp#27;[0m&amp#27;[31m&amp#27;[1m400&amp#27;[0m&amp#27;[31m de delete&amp#27;[0m      &amp#27;[90m# stepdefinitions.StepSimulacaoDelete.sistema_retorna_delete(java.lang.Integer)&amp#27;[0m
      &amp#27;[31mjava.lang.AssertionError: expected:<200> but was:<400>
	at org.junit.Assert.fail(Assert.java:88)
	at org.junit.Assert.failNotEquals(Assert.java:834)
	at org.junit.Assert.assertEquals(Assert.java:118)
	at org.junit.Assert.assertEquals(Assert.java:144)
	at stepdefinitions.StepSimulacaoDelete.sistema_retorna_delete(StepSimulacaoDelete.java:60)
	at âœ½.o sistema deve retornar um status 400 de delete(file:///C:/reposJava/desafiosicredi/tests-api-sicredi/TestsAutomatizados/src/test/resources/features/Simulacao.feature:105)
&amp#27;[0m
]]></system-out>
  </testcase>
  <testcase name="que sera realizado um update de uma simulação" classname="Validar autualização de uma simulação #1" time="0"/>
  <testcase name="informo o cpf valido de atualizacao" classname="Validar autualização de uma simulação #1" time="0.031"/>
  <testcase name="o sistema deve retornar um status 200 de atualizacao" classname="Validar autualização de uma simulação #1" time="0"/>
  <testcase name="Validar autualização de uma simulação #1" classname="Validar autualização de uma simulação #1" time="0"/>
  <testcase name="que sera realizado um update de uma simulação" classname="Validar autualização de uma simulação #2" time="0"/>
  <testcase name="informo o cpf valido de atualizacao" classname="Validar autualização de uma simulação #2" time="0.019"/>
  <testcase name="o sistema deve retornar um status 400 de atualizacao" classname="Validar autualização de uma simulação #2" time="0">
    <failure message="expected:&lt;200&gt; but was:&lt;400&gt;" type="java.lang.AssertionError"><![CDATA[java.lang.AssertionError: expected:<200> but was:<400>
]]></failure>
    <system-out><![CDATA[  &amp#27;[32mQuando &amp#27;[0m&amp#27;[32minformo o cpf valido de atualizacao&amp#27;[0m                 &amp#27;[90m# stepdefinitions.StepSimulacaoPut.informo_cpf_valido_de_atualizacao()&amp#27;[0m
]]></system-out>
  </testcase>
  <testcase name="Validar autualização de uma simulação #2" classname="Validar autualização de uma simulação #2" time="0.001">
    <failure message="expected:&lt;200&gt; but was:&lt;400&gt;" type="java.lang.AssertionError"><![CDATA[java.lang.AssertionError: expected:<200> but was:<400>
]]></failure>
    <system-out><![CDATA[  &amp#27;[31mEntÃ£o &amp#27;[0m&amp#27;[31mo sistema deve retornar um status &amp#27;[0m&amp#27;[31m&amp#27;[1m400&amp#27;[0m&amp#27;[31m de atualizacao&amp#27;[0m &amp#27;[90m# stepdefinitions.StepSimulacaoPut.sistema_retorna_atulizacao(java.lang.Integer)&amp#27;[0m
      &amp#27;[31mjava.lang.AssertionError: expected:<200> but was:<400>
	at org.junit.Assert.fail(Assert.java:88)
	at org.junit.Assert.failNotEquals(Assert.java:834)
	at org.junit.Assert.assertEquals(Assert.java:118)
	at org.junit.Assert.assertEquals(Assert.java:144)
	at stepdefinitions.StepSimulacaoPut.sistema_retorna_atulizacao(StepSimulacaoPut.java:59)
	at âœ½.o sistema deve retornar um status 400 de atualizacao(file:///C:/reposJava/desafiosicredi/tests-api-sicredi/TestsAutomatizados/src/test/resources/features/Simulacao.feature:130)
&amp#27;[0m
]]></system-out>
  </testcase>
  <testcase name="que sera realizado uma consulta de todas as simulações" classname="Validar autualização de todas as simulações" time="0"/>
  <testcase name="realizo a consulta" classname="Validar autualização de todas as simulações" time="0.013"/>
  <testcase name="o sistema deve retornar um status 200 de consulta de simulacoes" classname="Validar autualização de todas as simulações" time="0"/>
  <testcase name="Validar autualização de todas as simulações" classname="Validar autualização de todas as simulações" time="0"/>
</testsuite>